Arguments: 
  /usr/local/bin/node /Users/ybavaskarr/.yarn/bin/yarn.js add paper.js

PATH: 
  /Users/ybavaskarr/.yarn/bin:/Users/ybavaskarr/.config/yarn/global/node_modules/.bin:/Library/Frameworks/Python.framework/Versions/3.8/bin:/usr/local/bin:/usr/bin:/bin:/usr/sbin:/sbin:/usr/local/go/bin:/Library/Apple/usr/bin:/Users/ybavaskarr/.yarn/bin:/Users/ybavaskarr/.config/yarn/global/node_modules/.bin:/Library/Frameworks/Python.framework/Versions/3.8/bin

Yarn version: 
  1.22.0

Node version: 
  13.12.0

Platform: 
  darwin x64

Trace: 
  Error: https://registry.yarnpkg.com/paper.js: Not found
      at Request.params.callback [as _callback] (/Users/ybavaskarr/.yarn/lib/cli.js:66975:18)
      at Request.self.callback (/Users/ybavaskarr/.yarn/lib/cli.js:140727:22)
      at Request.emit (events.js:315:20)
      at Request.<anonymous> (/Users/ybavaskarr/.yarn/lib/cli.js:141699:10)
      at Request.emit (events.js:315:20)
      at IncomingMessage.<anonymous> (/Users/ybavaskarr/.yarn/lib/cli.js:141621:12)
      at Object.onceWrapper (events.js:421:28)
      at IncomingMessage.emit (events.js:327:22)
      at endReadableNT (_stream_readable.js:1201:12)
      at processTicksAndRejections (internal/process/task_queues.js:84:21)

npm manifest: 
  {
    "name": "Patatap-Clone",
    "version": "f",
    "main": "index.js",
    "license": "MIT"
  }

yarn manifest: 
  No manifest

Lockfile: 
  No lockfile
